[04Dec2024 00:01:08.989] [Server thread/INFO] [net.minecraft.server.MinecraftServer/]: Kiuta has made the advancement [Getting an Upgrade]
[04Dec2024 00:10:24.459] [Server thread/INFO] [net.minecraft.server.MinecraftServer/]: xiino91 didn't want to live in the same world as Kiuta
[04Dec2024 00:10:24.489] [Server thread/INFO] [net.minecraft.server.MinecraftServer/]: xiino91 has made the advancement [Your First Grave]
[04Dec2024 00:10:24.493] [Server thread/INFO] [tombstone/]: The player xiino91 has successfully been saved
[04Dec2024 00:10:38.123] [Server thread/INFO] [net.minecraft.server.MinecraftServer/]: xiino91 has reached the goal [Here They Come]
[04Dec2024 00:10:38.802] [Server thread/INFO] [net.minecraft.server.MinecraftServer/]: Kiuta fell out of the world
[04Dec2024 00:10:38.814] [Server thread/INFO] [tombstone/]: The player Kiuta has successfully been saved
[04Dec2024 00:10:50.024] [Server thread/INFO] [net.minecraft.server.MinecraftServer/]: xiino91 has made the advancement [Acquire Hardware]
[04Dec2024 00:16:30.828] [Server thread/INFO] [net.minecraft.server.MinecraftServer/]: Kiuta has made the advancement [Acquire Hardware]
[04Dec2024 00:16:46.455] [Server thread/INFO] [net.minecraft.server.MinecraftServer/]: xiino91 was slain by The Damned
[04Dec2024 00:16:46.458] [Server thread/INFO] [net.minecraft.server.MinecraftServer/]: xiino91 has made the advancement [Condemned To Die]
[04Dec2024 00:16:46.472] [Server thread/INFO] [tombstone/]: The player xiino91 has successfully been saved
[04Dec2024 00:17:32.543] [Server thread/INFO] [net.minecraft.server.MinecraftServer/]: Kiuta has made the advancement [Sweet Dreams]
[04Dec2024 00:19:35.753] [Server thread/INFO] [net.minecraft.server.MinecraftServer/]: BLACKTULA didn't want to live in the same world as Kiuta
[04Dec2024 00:19:35.761] [Server thread/INFO] [tombstone/]: The player BLACKTULA has successfully been saved
[04Dec2024 00:19:54.103] [Server thread/INFO] [net.minecraft.server.MinecraftServer/]: BLACKTULA fell out of the world
[04Dec2024 00:19:54.108] [Server thread/INFO] [tombstone/]: The player BLACKTULA has successfully been saved
[04Dec2024 00:20:12.003] [Server thread/INFO] [net.minecraft.server.MinecraftServer/]: BLACKTULA fell out of the world
[04Dec2024 00:20:12.012] [Server thread/INFO] [tombstone/]: The player BLACKTULA has successfully been saved
[04Dec2024 00:20:36.904] [Server thread/INFO] [net.minecraft.server.MinecraftServer/]: BLACKTULA fell out of the world
[04Dec2024 00:20:36.914] [Server thread/INFO] [tombstone/]: The player BLACKTULA has successfully been saved
[04Dec2024 00:21:02.153] [Server thread/INFO] [net.minecraft.server.MinecraftServer/]: BLACKTULA fell out of the world
[04Dec2024 00:21:02.167] [Server thread/INFO] [tombstone/]: The player BLACKTULA has successfully been saved
